TN:
SF:src\index.ts
FN:15,(anonymous_0)
FN:22,Tolar
FN:26,(anonymous_2)
FN:27,(anonymous_3)
FN:32,(anonymous_4)
FN:119,(anonymous_5)
FN:120,(anonymous_6)
FN:126,(anonymous_7)
FNF:8
FNH:8
FNDA:1,(anonymous_0)
FNDA:1,Tolar
FNDA:1,(anonymous_2)
FNDA:16,(anonymous_3)
FNDA:1,(anonymous_4)
FNDA:1,(anonymous_5)
FNDA:16,(anonymous_6)
FNDA:1,(anonymous_7)
DA:3,1
DA:4,1
DA:6,1
DA:8,1
DA:9,1
DA:10,1
DA:11,1
DA:12,1
DA:13,1
DA:15,1
DA:16,1
DA:17,1
DA:19,1
DA:20,1
DA:22,1
DA:23,1
DA:26,1
DA:27,1
DA:28,16
DA:29,16
DA:32,1
DA:33,1
DA:119,1
DA:120,1
DA:121,16
DA:122,16
DA:126,1
DA:127,1
DA:128,1
DA:129,1
DA:131,1
DA:133,1
LF:32
LH:32
BRF:0
BRH:0
end_of_record
TN:
SF:src\tolar-account\tolar-account.ts
FN:8,(anonymous_6)
FN:84,TolarAccounts
FN:45,(anonymous_8)
FN:89,(anonymous_9)
FN:90,(anonymous_10)
FNF:5
FNH:5
FNDA:1,(anonymous_6)
FNDA:1,TolarAccounts
FNDA:1,(anonymous_8)
FNDA:1,(anonymous_9)
FNDA:14,(anonymous_10)
DA:3,1
DA:4,1
DA:6,1
DA:8,1
DA:9,1
DA:45,1
DA:84,1
DA:85,1
DA:86,1
DA:89,1
DA:90,1
DA:91,14
DA:92,14
DA:95,1
LF:14
LH:14
BRDA:85,0,0,1
BRDA:85,0,1,1
BRF:2
BRH:2
end_of_record
TN:
SF:src\tolar-net\tolar-net.ts
FN:5,(anonymous_6)
FN:6,TolarNet
FNF:2
FNH:2
FNDA:1,(anonymous_6)
FNDA:1,TolarNet
DA:3,1
DA:5,1
DA:7,1
DA:9,1
LF:4
LH:4
BRDA:7,0,0,1
BRDA:7,0,1,1
BRF:2
BRH:2
end_of_record
TN:
SF:tests\index.test.ts
FN:4,(anonymous_14)
FN:7,(anonymous_15)
FN:48,(anonymous_18)
FN:55,(anonymous_21)
FNF:4
FNH:4
FNDA:1,(anonymous_14)
FNDA:2,(anonymous_15)
FNDA:2,(anonymous_18)
FNDA:2,(anonymous_21)
DA:1,1
DA:2,1
DA:4,1
DA:5,1
DA:6,1
DA:7,1
DA:8,1
DA:9,1
DA:48,1
DA:49,1
DA:50,1
DA:51,1
DA:52,1
DA:53,1
DA:55,1
DA:56,1
DA:58,1
LF:17
LH:17
BRDA:8,0,0,1
BRF:1
BRH:1
end_of_record
